<?xml version="1.0" encoding="UTF-8"?>
<!-- Generated by org.testng.reporters.JUnitReportReporter -->
<testsuite skipped="0" hostname="DESKTOP-G66AB7M" name="testcases.TC_01_HrmLogin" tests="1" failures="0" timestamp="08 Dec 2021 03:51:25 GMT" time="29.947" errors="0">
  <testcase name="sucessfullLoginActionTest" time="29.947" classname="testcases.TC_01_HrmLogin"/>
</testsuite> <!-- testcases.TC_01_HrmLogin -->
